# JRE version: Java(TM) SE Runtime Environment (21.0.2+13) (build 21.0.2+13-LTS-58)
# Java VM: Java HotSpot(TM) 64-Bit Server VM (21.0.2+13-LTS-58, mixed mode, sharing, tiered, compressed oops, compressed class ptrs, g1 gc, windows-amd64)
GC Precious Log:
 CardTable entry size: 512
 Card Set container configuration: InlinePtr #cards 5 size 8 Array Of Cards #cards 12 size 40 Howl #buckets 4 coarsen threshold 1843 Howl Bitmap #cards 512 size 80 coarsen threshold 460 Card regions per heap region 1 cards per card region 2048
 CPUs: 12 total, 12 available
 Memory: 7381M
 Large Page Support: Disabled
 NUMA Support: Disabled
 Compressed Oops: Enabled (32-bit)
 Heap Region Size: 1M
 Heap Min Capacity: 8M
 Heap Initial Capacity: 116M
 Heap Max Capacity: 1846M
 Pre-touch: Disabled
 Parallel Workers: 10
 Concurrent Workers: 3
 Concurrent Refinement Workers: 10
 Periodic GC: Disabled
Heap:
 garbage-first heap   total 97280K, used 60914K [0x000000008ca00000, 0x0000000100000000)
  region size 1024K, 22 young (22528K), 5 survivors (5120K)
 Metaspace       used 88635K, committed 89472K, reserved 1179648K
  class space    used 12259K, committed 12608K, reserved 1048576K
GC Heap History (20 events):
Event: 6.138 GC heap before
{Heap before GC invocations=9 (full 0):
 garbage-first heap   total 66560K, used 55890K [0x000000008ca00000, 0x0000000100000000)
  region size 1024K, 37 young (37888K), 5 survivors (5120K)
 Metaspace       used 54150K, committed 54784K, reserved 1114112K
  class space    used 7048K, committed 7360K, reserved 1048576K
}
Event: 6.142 GC heap after
{Heap after GC invocations=10 (full 0):
 garbage-first heap   total 66560K, used 25127K [0x000000008ca00000, 0x0000000100000000)
  region size 1024K, 3 young (3072K), 3 survivors (3072K)
 Metaspace       used 54150K, committed 54784K, reserved 1114112K
  class space    used 7048K, committed 7360K, reserved 1048576K
}
Event: 6.443 GC heap before
{Heap before GC invocations=10 (full 0):
 garbage-first heap   total 66560K, used 41511K [0x000000008ca00000, 0x0000000100000000)
  region size 1024K, 20 young (20480K), 3 survivors (3072K)
 Metaspace       used 60194K, committed 60800K, reserved 1114112K
  class space    used 7968K, committed 8256K, reserved 1048576K
}
Event: 6.446 GC heap after
{Heap after GC invocations=11 (full 0):
 garbage-first heap   total 66560K, used 25742K [0x000000008ca00000, 0x0000000100000000)
  region size 1024K, 3 young (3072K), 3 survivors (3072K)
 Metaspace       used 60194K, committed 60800K, reserved 1114112K
  class space    used 7968K, committed 8256K, reserved 1048576K
}
Event: 7.099 GC heap before
{Heap before GC invocations=12 (full 0):
 garbage-first heap   total 66560K, used 57486K [0x000000008ca00000, 0x0000000100000000)
  region size 1024K, 34 young (34816K), 3 survivors (3072K)
 Metaspace       used 66595K, committed 67328K, reserved 1114112K
  class space    used 8952K, committed 9280K, reserved 1048576K
}
Event: 7.102 GC heap after
{Heap after GC invocations=13 (full 0):
 garbage-first heap   total 79872K, used 27860K [0x000000008ca00000, 0x0000000100000000)
  region size 1024K, 5 young (5120K), 5 survivors (5120K)
 Metaspace       used 66595K, committed 67328K, reserved 1114112K
  class space    used 8952K, committed 9280K, reserved 1048576K
}
Event: 7.491 GC heap before
{Heap before GC invocations=13 (full 0):
 garbage-first heap   total 79872K, used 67796K [0x000000008ca00000, 0x0000000100000000)
  region size 1024K, 45 young (46080K), 5 survivors (5120K)
 Metaspace       used 71198K, committed 71872K, reserved 1114112K
  class space    used 9695K, committed 9984K, reserved 1048576K
}
Event: 7.496 GC heap after
{Heap after GC invocations=14 (full 0):
 garbage-first heap   total 79872K, used 29731K [0x000000008ca00000, 0x0000000100000000)
  region size 1024K, 5 young (5120K), 5 survivors (5120K)
 Metaspace       used 71198K, committed 71872K, reserved 1114112K
  class space    used 9695K, committed 9984K, reserved 1048576K
}
Event: 7.851 GC heap before
{Heap before GC invocations=14 (full 0):
 garbage-first heap   total 79872K, used 67619K [0x000000008ca00000, 0x0000000100000000)
  region size 1024K, 43 young (44032K), 5 survivors (5120K)
 Metaspace       used 75676K, committed 76352K, reserved 1179648K
  class space    used 10514K, committed 10816K, reserved 1048576K
}
Event: 7.855 GC heap after
{Heap after GC invocations=15 (full 0):
 garbage-first heap   total 79872K, used 32049K [0x000000008ca00000, 0x0000000100000000)
  region size 1024K, 5 young (5120K), 5 survivors (5120K)
 Metaspace       used 75676K, committed 76352K, reserved 1179648K
  class space    used 10514K, committed 10816K, reserved 1048576K
}
Event: 8.026 GC heap before
{Heap before GC invocations=15 (full 0):
 garbage-first heap   total 79872K, used 68913K [0x000000008ca00000, 0x0000000100000000)
  region size 1024K, 41 young (41984K), 5 survivors (5120K)
 Metaspace       used 76349K, committed 77056K, reserved 1179648K
  class space    used 10599K, committed 10880K, reserved 1048576K
}
Event: 8.031 GC heap after
{Heap after GC invocations=16 (full 0):
 garbage-first heap   total 79872K, used 34976K [0x000000008ca00000, 0x0000000100000000)
  region size 1024K, 6 young (6144K), 6 survivors (6144K)
 Metaspace       used 76349K, committed 77056K, reserved 1179648K
  class space    used 10599K, committed 10880K, reserved 1048576K
}
Event: 8.096 GC heap before
{Heap before GC invocations=17 (full 0):
 garbage-first heap   total 79872K, used 66720K [0x000000008ca00000, 0x0000000100000000)
  region size 1024K, 37 young (37888K), 6 survivors (6144K)
 Metaspace       used 76379K, committed 77056K, reserved 1179648K
  class space    used 10600K, committed 10880K, reserved 1048576K
}
Event: 8.100 GC heap after
{Heap after GC invocations=18 (full 0):
 garbage-first heap   total 79872K, used 35799K [0x000000008ca00000, 0x0000000100000000)
  region size 1024K, 4 young (4096K), 4 survivors (4096K)
 Metaspace       used 76379K, committed 77056K, reserved 1179648K
  class space    used 10600K, committed 10880K, reserved 1048576K
}
Event: 8.149 GC heap before
{Heap before GC invocations=18 (full 0):
 garbage-first heap   total 79872K, used 69591K [0x000000008ca00000, 0x0000000100000000)
  region size 1024K, 37 young (37888K), 4 survivors (4096K)
 Metaspace       used 76379K, committed 77056K, reserved 1179648K
  class space    used 10600K, committed 10880K, reserved 1048576K
}
Event: 8.154 GC heap after
{Heap after GC invocations=19 (full 0):
 garbage-first heap   total 97280K, used 39490K [0x000000008ca00000, 0x0000000100000000)
  region size 1024K, 5 young (5120K), 5 survivors (5120K)
 Metaspace       used 76379K, committed 77056K, reserved 1179648K
  class space    used 10600K, committed 10880K, reserved 1048576K
}
Event: 8.376 GC heap before
{Heap before GC invocations=19 (full 0):
 garbage-first heap   total 97280K, used 83522K [0x000000008ca00000, 0x0000000100000000)
  region size 1024K, 48 young (49152K), 5 survivors (5120K)
 Metaspace       used 76911K, committed 77632K, reserved 1179648K
  class space    used 10692K, committed 11008K, reserved 1048576K
}
Event: 8.380 GC heap after
{Heap after GC invocations=20 (full 0):
 garbage-first heap   total 97280K, used 41423K [0x000000008ca00000, 0x0000000100000000)
  region size 1024K, 2 young (2048K), 2 survivors (2048K)
 Metaspace       used 76911K, committed 77632K, reserved 1179648K
  class space    used 10692K, committed 11008K, reserved 1048576K
}
Event: 23.581 GC heap before
{Heap before GC invocations=21 (full 0):
 garbage-first heap   total 97280K, used 84431K [0x000000008ca00000, 0x0000000100000000)
  region size 1024K, 45 young (46080K), 2 survivors (2048K)
 Metaspace       used 84618K, committed 85376K, reserved 1179648K
  class space    used 11764K, committed 12096K, reserved 1048576K
}
Event: 23.587 GC heap after
{Heap after GC invocations=22 (full 0):
 garbage-first heap   total 97280K, used 44530K [0x000000008ca00000, 0x0000000100000000)
  region size 1024K, 5 young (5120K), 5 survivors (5120K)
 Metaspace       used 84618K, committed 85376K, reserved 1179648K
  class space    used 11764K, committed 12096K, reserved 1048576K
}

