# JRE version: OpenJDK Runtime Environment Temurin-21.0.11+10 (21.0.11+10) (build 21.0.11+10-LTS)
# Java VM: OpenJDK 64-Bit Server VM Temurin-21.0.11+10 (21.0.11+10-LTS, mixed mode, sharing, tiered, compressed oops, compressed class ptrs, parallel gc, windows-amd64)
GC Precious Log:
 CardTable entry size: 512
 CPUs: 12 total, 12 available
 Memory: 7381M
 Large Page Support: Disabled
 NUMA Support: Disabled
 Compressed Oops: Enabled (32-bit)
 Alignments: Space 512K, Generation 512K, Heap 2M
 Heap Min Capacity: 100M
 Heap Initial Capacity: 100M
 Heap Max Capacity: 2G
 Pre-touch: Disabled
 Parallel Workers: 10
Heap:
 PSYoungGen      total 1536K, used 1052K [0x00000000d5580000, 0x00000000d5a00000, 0x0000000100000000)
  eden space 1024K, 69% used [0x00000000d5580000,0x00000000d5633308,0x00000000d5680000)
  from space 512K, 65% used [0x00000000d5980000,0x00000000d59d4030,0x00000000d5a00000)
  to   space 512K, 0% used [0x00000000d5900000,0x00000000d5900000,0x00000000d5980000)
 ParOldGen       total 138240K, used 137911K [0x0000000080000000, 0x0000000088700000, 0x00000000d5580000)
  object space 138240K, 99% used [0x0000000080000000,0x00000000886adcc8,0x0000000088700000)
 Metaspace       used 75207K, committed 76992K, reserved 1179648K
  class space    used 7912K, committed 8704K, reserved 1048576K
GC Heap History (20 events):
Event: 26869.363 GC heap before
{Heap before GC invocations=462 (full 3):
 PSYoungGen      total 1536K, used 1265K [0x00000000d5580000, 0x00000000d5a00000, 0x0000000100000000)
  eden space 1024K, 98% used [0x00000000d5580000,0x00000000d567c7f8,0x00000000d5680000)
  from space 512K, 50% used [0x00000000d5980000,0x00000000d59c0000,0x00000000d5a00000)
  to   space 512K, 0% used [0x00000000d5900000,0x00000000d5900000,0x00000000d5980000)
 ParOldGen       total 137728K, used 137279K [0x0000000080000000, 0x0000000088680000, 0x00000000d5580000)
  object space 137728K, 99% used [0x0000000080000000,0x000000008860fcc8,0x0000000088680000)
 Metaspace       used 75195K, committed 76992K, reserved 1179648K
  class space    used 7912K, committed 8704K, reserved 1048576K
}
Event: 26869.364 GC heap after
{Heap after GC invocations=462 (full 3):
 PSYoungGen      total 1536K, used 349K [0x00000000d5580000, 0x00000000d5a00000, 0x0000000100000000)
  eden space 1024K, 0% used [0x00000000d5580000,0x00000000d5580000,0x00000000d5680000)
  from space 512K, 68% used [0x00000000d5900000,0x00000000d5957598,0x00000000d5980000)
  to   space 512K, 0% used [0x00000000d5980000,0x00000000d5980000,0x00000000d5a00000)
 ParOldGen       total 137728K, used 137343K [0x0000000080000000, 0x0000000088680000, 0x00000000d5580000)
  object space 137728K, 99% used [0x0000000080000000,0x000000008861fcc8,0x0000000088680000)
 Metaspace       used 75195K, committed 76992K, reserved 1179648K
  class space    used 7912K, committed 8704K, reserved 1048576K
}
Event: 26869.393 GC heap before
{Heap before GC invocations=463 (full 3):
 PSYoungGen      total 1536K, used 1371K [0x00000000d5580000, 0x00000000d5a00000, 0x0000000100000000)
  eden space 1024K, 99% used [0x00000000d5580000,0x00000000d567f9c0,0x00000000d5680000)
  from space 512K, 68% used [0x00000000d5900000,0x00000000d5957598,0x00000000d5980000)
  to   space 512K, 0% used [0x00000000d5980000,0x00000000d5980000,0x00000000d5a00000)
 ParOldGen       total 137728K, used 137343K [0x0000000080000000, 0x0000000088680000, 0x00000000d5580000)
  object space 137728K, 99% used [0x0000000080000000,0x000000008861fcc8,0x0000000088680000)
 Metaspace       used 75195K, committed 76992K, reserved 1179648K
  class space    used 7912K, committed 8704K, reserved 1048576K
}
Event: 26869.394 GC heap after
{Heap after GC invocations=463 (full 3):
 PSYoungGen      total 1536K, used 256K [0x00000000d5580000, 0x00000000d5a00000, 0x0000000100000000)
  eden space 1024K, 0% used [0x00000000d5580000,0x00000000d5580000,0x00000000d5680000)
  from space 512K, 50% used [0x00000000d5980000,0x00000000d59c0000,0x00000000d5a00000)
  to   space 512K, 0% used [0x00000000d5900000,0x00000000d5900000,0x00000000d5980000)
 ParOldGen       total 137728K, used 137407K [0x0000000080000000, 0x0000000088680000, 0x00000000d5580000)
  object space 137728K, 99% used [0x0000000080000000,0x000000008862fcc8,0x0000000088680000)
 Metaspace       used 75195K, committed 76992K, reserved 1179648K
  class space    used 7912K, committed 8704K, reserved 1048576K
}
Event: 26869.424 GC heap before
{Heap before GC invocations=464 (full 3):
 PSYoungGen      total 1536K, used 1274K [0x00000000d5580000, 0x00000000d5a00000, 0x0000000100000000)
  eden space 1024K, 99% used [0x00000000d5580000,0x00000000d567ea38,0x00000000d5680000)
  from space 512K, 50% used [0x00000000d5980000,0x00000000d59c0000,0x00000000d5a00000)
  to   space 512K, 0% used [0x00000000d5900000,0x00000000d5900000,0x00000000d5980000)
 ParOldGen       total 137728K, used 137407K [0x0000000080000000, 0x0000000088680000, 0x00000000d5580000)
  object space 137728K, 99% used [0x0000000080000000,0x000000008862fcc8,0x0000000088680000)
 Metaspace       used 75195K, committed 76992K, reserved 1179648K
  class space    used 7912K, committed 8704K, reserved 1048576K
}
Event: 26869.425 GC heap after
{Heap after GC invocations=464 (full 3):
 PSYoungGen      total 1536K, used 224K [0x00000000d5580000, 0x00000000d5a00000, 0x0000000100000000)
  eden space 1024K, 0% used [0x00000000d5580000,0x00000000d5580000,0x00000000d5680000)
  from space 512K, 43% used [0x00000000d5900000,0x00000000d5938000,0x00000000d5980000)
  to   space 512K, 0% used [0x00000000d5980000,0x00000000d5980000,0x00000000d5a00000)
 ParOldGen       total 137728K, used 137471K [0x0000000080000000, 0x0000000088680000, 0x00000000d5580000)
  object space 137728K, 99% used [0x0000000080000000,0x000000008863fcc8,0x0000000088680000)
 Metaspace       used 75195K, committed 76992K, reserved 1179648K
  class space    used 7912K, committed 8704K, reserved 1048576K
}
Event: 26869.471 GC heap before
{Heap before GC invocations=465 (full 3):
 PSYoungGen      total 1536K, used 1246K [0x00000000d5580000, 0x00000000d5a00000, 0x0000000100000000)
  eden space 1024K, 99% used [0x00000000d5580000,0x00000000d567f9d8,0x00000000d5680000)
  from space 512K, 43% used [0x00000000d5900000,0x00000000d5938000,0x00000000d5980000)
  to   space 512K, 0% used [0x00000000d5980000,0x00000000d5980000,0x00000000d5a00000)
 ParOldGen       total 137728K, used 137471K [0x0000000080000000, 0x0000000088680000, 0x00000000d5580000)
  object space 137728K, 99% used [0x0000000080000000,0x000000008863fcc8,0x0000000088680000)
 Metaspace       used 75195K, committed 76992K, reserved 1179648K
  class space    used 7912K, committed 8704K, reserved 1048576K
}
Event: 26869.472 GC heap after
{Heap after GC invocations=465 (full 3):
 PSYoungGen      total 1536K, used 256K [0x00000000d5580000, 0x00000000d5a00000, 0x0000000100000000)
  eden space 1024K, 0% used [0x00000000d5580000,0x00000000d5580000,0x00000000d5680000)
  from space 512K, 50% used [0x00000000d5980000,0x00000000d59c0000,0x00000000d5a00000)
  to   space 512K, 0% used [0x00000000d5900000,0x00000000d5900000,0x00000000d5980000)
 ParOldGen       total 137728K, used 137543K [0x0000000080000000, 0x0000000088680000, 0x00000000d5580000)
  object space 137728K, 99% used [0x0000000080000000,0x0000000088651cc8,0x0000000088680000)
 Metaspace       used 75195K, committed 76992K, reserved 1179648K
  class space    used 7912K, committed 8704K, reserved 1048576K
}
Event: 26869.503 GC heap before
{Heap before GC invocations=466 (full 3):
 PSYoungGen      total 1536K, used 1278K [0x00000000d5580000, 0x00000000d5a00000, 0x0000000100000000)
  eden space 1024K, 99% used [0x00000000d5580000,0x00000000d567fa38,0x00000000d5680000)
  from space 512K, 50% used [0x00000000d5980000,0x00000000d59c0000,0x00000000d5a00000)
  to   space 512K, 0% used [0x00000000d5900000,0x00000000d5900000,0x00000000d5980000)
 ParOldGen       total 137728K, used 137543K [0x0000000080000000, 0x0000000088680000, 0x00000000d5580000)
  object space 137728K, 99% used [0x0000000080000000,0x0000000088651cc8,0x0000000088680000)
 Metaspace       used 75195K, committed 76992K, reserved 1179648K
  class space    used 7912K, committed 8704K, reserved 1048576K
}
Event: 26869.504 GC heap after
{Heap after GC invocations=466 (full 3):
 PSYoungGen      total 1536K, used 301K [0x00000000d5580000, 0x00000000d5a00000, 0x0000000100000000)
  eden space 1024K, 0% used [0x00000000d5580000,0x00000000d5580000,0x00000000d5680000)
  from space 512K, 58% used [0x00000000d5900000,0x00000000d594b5a8,0x00000000d5980000)
  to   space 512K, 0% used [0x00000000d5980000,0x00000000d5980000,0x00000000d5a00000)
 ParOldGen       total 137728K, used 137615K [0x0000000080000000, 0x0000000088680000, 0x00000000d5580000)
  object space 137728K, 99% used [0x0000000080000000,0x0000000088663cc8,0x0000000088680000)
 Metaspace       used 75195K, committed 76992K, reserved 1179648K
  class space    used 7912K, committed 8704K, reserved 1048576K
}
Event: 26869.765 GC heap before
{Heap before GC invocations=467 (full 3):
 PSYoungGen      total 1536K, used 1222K [0x00000000d5580000, 0x00000000d5a00000, 0x0000000100000000)
  eden space 1024K, 89% used [0x00000000d5580000,0x00000000d56665f0,0x00000000d5680000)
  from space 512K, 58% used [0x00000000d5900000,0x00000000d594b5a8,0x00000000d5980000)
  to   space 512K, 0% used [0x00000000d5980000,0x00000000d5980000,0x00000000d5a00000)
 ParOldGen       total 137728K, used 137615K [0x0000000080000000, 0x0000000088680000, 0x00000000d5580000)
  object space 137728K, 99% used [0x0000000080000000,0x0000000088663cc8,0x0000000088680000)
 Metaspace       used 75195K, committed 76992K, reserved 1179648K
  class space    used 7912K, committed 8704K, reserved 1048576K
}
Event: 26869.767 GC heap after
{Heap after GC invocations=467 (full 3):
 PSYoungGen      total 1536K, used 256K [0x00000000d5580000, 0x00000000d5a00000, 0x0000000100000000)
  eden space 1024K, 0% used [0x00000000d5580000,0x00000000d5580000,0x00000000d5680000)
  from space 512K, 50% used [0x00000000d5980000,0x00000000d59c0000,0x00000000d5a00000)
  to   space 512K, 0% used [0x00000000d5900000,0x00000000d5900000,0x00000000d5980000)
 ParOldGen       total 137728K, used 137679K [0x0000000080000000, 0x0000000088680000, 0x00000000d5580000)
  object space 137728K, 99% used [0x0000000080000000,0x0000000088673cc8,0x0000000088680000)
 Metaspace       used 75195K, committed 76992K, reserved 1179648K
  class space    used 7912K, committed 8704K, reserved 1048576K
}
Event: 26869.832 GC heap before
{Heap before GC invocations=468 (full 3):
 PSYoungGen      total 1536K, used 1280K [0x00000000d5580000, 0x00000000d5a00000, 0x0000000100000000)
  eden space 1024K, 100% used [0x00000000d5580000,0x00000000d5680000,0x00000000d5680000)
  from space 512K, 50% used [0x00000000d5980000,0x00000000d59c0000,0x00000000d5a00000)
  to   space 512K, 0% used [0x00000000d5900000,0x00000000d5900000,0x00000000d5980000)
 ParOldGen       total 137728K, used 137679K [0x0000000080000000, 0x0000000088680000, 0x00000000d5580000)
  object space 137728K, 99% used [0x0000000080000000,0x0000000088673cc8,0x0000000088680000)
 Metaspace       used 75195K, committed 76992K, reserved 1179648K
  class space    used 7912K, committed 8704K, reserved 1048576K
}
Event: 26869.834 GC heap after
{Heap after GC invocations=468 (full 3):
 PSYoungGen      total 1536K, used 192K [0x00000000d5580000, 0x00000000d5a00000, 0x0000000100000000)
  eden space 1024K, 0% used [0x00000000d5580000,0x00000000d5580000,0x00000000d5680000)
  from space 512K, 37% used [0x00000000d5900000,0x00000000d5930000,0x00000000d5980000)
  to   space 512K, 0% used [0x00000000d5980000,0x00000000d5980000,0x00000000d5a00000)
 ParOldGen       total 138240K, used 137751K [0x0000000080000000, 0x0000000088700000, 0x00000000d5580000)
  object space 138240K, 99% used [0x0000000080000000,0x0000000088685cc8,0x0000000088700000)
 Metaspace       used 75195K, committed 76992K, reserved 1179648K
  class space    used 7912K, committed 8704K, reserved 1048576K
}
Event: 26870.007 GC heap before
{Heap before GC invocations=469 (full 3):
 PSYoungGen      total 1536K, used 1216K [0x00000000d5580000, 0x00000000d5a00000, 0x0000000100000000)
  eden space 1024K, 100% used [0x00000000d5580000,0x00000000d5680000,0x00000000d5680000)
  from space 512K, 37% used [0x00000000d5900000,0x00000000d5930000,0x00000000d5980000)
  to   space 512K, 0% used [0x00000000d5980000,0x00000000d5980000,0x00000000d5a00000)
 ParOldGen       total 138240K, used 137751K [0x0000000080000000, 0x0000000088700000, 0x00000000d5580000)
  object space 138240K, 99% used [0x0000000080000000,0x0000000088685cc8,0x0000000088700000)
 Metaspace       used 75195K, committed 76992K, reserved 1179648K
  class space    used 7912K, committed 8704K, reserved 1048576K
}
Event: 26870.009 GC heap after
{Heap after GC invocations=469 (full 3):
 PSYoungGen      total 1536K, used 224K [0x00000000d5580000, 0x00000000d5a00000, 0x0000000100000000)
  eden space 1024K, 0% used [0x00000000d5580000,0x00000000d5580000,0x00000000d5680000)
  from space 512K, 43% used [0x00000000d5980000,0x00000000d59b8000,0x00000000d5a00000)
  to   space 512K, 0% used [0x00000000d5900000,0x00000000d5900000,0x00000000d5980000)
 ParOldGen       total 138240K, used 137807K [0x0000000080000000, 0x0000000088700000, 0x00000000d5580000)
  object space 138240K, 99% used [0x0000000080000000,0x0000000088693cc8,0x0000000088700000)
 Metaspace       used 75195K, committed 76992K, reserved 1179648K
  class space    used 7912K, committed 8704K, reserved 1048576K
}
Event: 26870.097 GC heap before
{Heap before GC invocations=470 (full 3):
 PSYoungGen      total 1536K, used 1248K [0x00000000d5580000, 0x00000000d5a00000, 0x0000000100000000)
  eden space 1024K, 100% used [0x00000000d5580000,0x00000000d5680000,0x00000000d5680000)
  from space 512K, 43% used [0x00000000d5980000,0x00000000d59b8000,0x00000000d5a00000)
  to   space 512K, 0% used [0x00000000d5900000,0x00000000d5900000,0x00000000d5980000)
 ParOldGen       total 138240K, used 137807K [0x0000000080000000, 0x0000000088700000, 0x00000000d5580000)
  object space 138240K, 99% used [0x0000000080000000,0x0000000088693cc8,0x0000000088700000)
 Metaspace       used 75196K, committed 76992K, reserved 1179648K
  class space    used 7912K, committed 8704K, reserved 1048576K
}
Event: 26870.100 GC heap after
{Heap after GC invocations=470 (full 3):
 PSYoungGen      total 1536K, used 224K [0x00000000d5580000, 0x00000000d5a00000, 0x0000000100000000)
  eden space 1024K, 0% used [0x00000000d5580000,0x00000000d5580000,0x00000000d5680000)
  from space 512K, 43% used [0x00000000d5900000,0x00000000d5938000,0x00000000d5980000)
  to   space 512K, 0% used [0x00000000d5980000,0x00000000d5980000,0x00000000d5a00000)
 ParOldGen       total 138240K, used 137839K [0x0000000080000000, 0x0000000088700000, 0x00000000d5580000)
  object space 138240K, 99% used [0x0000000080000000,0x000000008869bcc8,0x0000000088700000)
 Metaspace       used 75196K, committed 76992K, reserved 1179648K
  class space    used 7912K, committed 8704K, reserved 1048576K
}
Event: 26870.206 GC heap before
{Heap before GC invocations=471 (full 3):
 PSYoungGen      total 1536K, used 1244K [0x00000000d5580000, 0x00000000d5a00000, 0x0000000100000000)
  eden space 1024K, 99% used [0x00000000d5580000,0x00000000d567f2b8,0x00000000d5680000)
  from space 512K, 43% used [0x00000000d5900000,0x00000000d5938000,0x00000000d5980000)
  to   space 512K, 0% used [0x00000000d5980000,0x00000000d5980000,0x00000000d5a00000)
 ParOldGen       total 138240K, used 137839K [0x0000000080000000, 0x0000000088700000, 0x00000000d5580000)
  object space 138240K, 99% used [0x0000000080000000,0x000000008869bcc8,0x0000000088700000)
 Metaspace       used 75206K, committed 76992K, reserved 1179648K
  class space    used 7912K, committed 8704K, reserved 1048576K
}
Event: 26870.209 GC heap after
{Heap after GC invocations=471 (full 3):
 PSYoungGen      total 1536K, used 336K [0x00000000d5580000, 0x00000000d5a00000, 0x0000000100000000)
  eden space 1024K, 0% used [0x00000000d5580000,0x00000000d5580000,0x00000000d5680000)
  from space 512K, 65% used [0x00000000d5980000,0x00000000d59d4030,0x00000000d5a00000)
  to   space 512K, 0% used [0x00000000d5900000,0x00000000d5900000,0x00000000d5980000)
 ParOldGen       total 138240K, used 137911K [0x0000000080000000, 0x0000000088700000, 0x00000000d5580000)
  object space 138240K, 99% used [0x0000000080000000,0x00000000886adcc8,0x0000000088700000)
 Metaspace       used 75206K, committed 76992K, reserved 1179648K
  class space    used 7912K, committed 8704K, reserved 1048576K
}

